<?xml version="1.0" encoding="UTF-8"?>
<!-- Generated by org.testng.reporters.JUnitXMLReporter -->
<testsuite ignored="25" hostname="LAPTOP-4FRUIF57" failures="1" tests="1" name="Test" time="34.832" errors="0" timestamp="2023-11-19T16:00:03 IST">
  <testcase classname="TestScenerio.TestCases" name="Product_TC24" time="27.784">
    <failure type="org.openqa.selenium.NoSuchElementException" message="no such element: Unable to locate element: {&amp;quot;method&amp;quot;:&amp;quot;css selector&amp;quot;,&amp;quot;selector&amp;quot;:&amp;quot;input[id=&amp;apos;id_gender1&amp;apos;]&amp;quot;}
  (Session info: chrome=119.0.6045.160)
For documentation on this error, please visit: https://www.selenium.dev/documentation/webdriver/troubleshooting/errors#no-such-element-exception
Build info: version: &amp;apos;4.15.0&amp;apos;, revision: &amp;apos;1d14b5521b&amp;apos;
System info: os.name: &amp;apos;Windows 11&amp;apos;, os.arch: &amp;apos;amd64&amp;apos;, os.version: &amp;apos;10.0&amp;apos;, java.version: &amp;apos;17.0.8.1&amp;apos;
Driver info: org.openqa.selenium.chrome.ChromeDriver
Command: [4da35bcba6a93c5f91e459a1f90b3a38, findElement {using=css selector, value=input[id=&amp;apos;id_gender1&amp;apos;]}]
Capabilities {acceptInsecureCerts: false, browserName: chrome, browserVersion: 119.0.6045.160, chrome: {chromedriverVersion: 119.0.6045.105 (38c72552c5e..., userDataDir: C:\Users\chand\AppData\Loca...}, fedcm:accounts: true, goog:chromeOptions: {debuggerAddress: localhost:53198}, networkConnectionEnabled: false, pageLoadStrategy: normal, platformName: windows, proxy: Proxy(), se:cdp: ws://localhost:53198/devtoo..., se:cdpVersion: 119.0.6045.160, setWindowRect: true, strictFileInteractability: false, timeouts: {implicit: 0, pageLoad: 300000, script: 30000}, unhandledPromptBehavior: dismiss and notify, webauthn:extension:credBlob: true, webauthn:extension:largeBlob: true, webauthn:extension:minPinLength: true, webauthn:extension:prf: true, webauthn:virtualAuthenticators: true}
Session ID: 4da35bcba6a93c5f91e459a1f90b3a38">
      <![CDATA[org.openqa.selenium.NoSuchElementException: no such element: Unable to locate element: {"method":"css selector","selector":"input[id='id_gender1']"}
  (Session info: chrome=119.0.6045.160)
For documentation on this error, please visit: https://www.selenium.dev/documentation/webdriver/troubleshooting/errors#no-such-element-exception
Build info: version: '4.15.0', revision: '1d14b5521b'
System info: os.name: 'Windows 11', os.arch: 'amd64', os.version: '10.0', java.version: '17.0.8.1'
Driver info: org.openqa.selenium.chrome.ChromeDriver
Command: [4da35bcba6a93c5f91e459a1f90b3a38, findElement {using=css selector, value=input[id='id_gender1']}]
Capabilities {acceptInsecureCerts: false, browserName: chrome, browserVersion: 119.0.6045.160, chrome: {chromedriverVersion: 119.0.6045.105 (38c72552c5e..., userDataDir: C:\Users\chand\AppData\Loca...}, fedcm:accounts: true, goog:chromeOptions: {debuggerAddress: localhost:53198}, networkConnectionEnabled: false, pageLoadStrategy: normal, platformName: windows, proxy: Proxy(), se:cdp: ws://localhost:53198/devtoo..., se:cdpVersion: 119.0.6045.160, setWindowRect: true, strictFileInteractability: false, timeouts: {implicit: 0, pageLoad: 300000, script: 30000}, unhandledPromptBehavior: dismiss and notify, webauthn:extension:credBlob: true, webauthn:extension:largeBlob: true, webauthn:extension:minPinLength: true, webauthn:extension:prf: true, webauthn:virtualAuthenticators: true}
Session ID: 4da35bcba6a93c5f91e459a1f90b3a38
at org.openqa.selenium.remote.codec.w3c.W3CHttpResponseCodec.createException(W3CHttpResponseCodec.java:200)
at org.openqa.selenium.remote.codec.w3c.W3CHttpResponseCodec.decode(W3CHttpResponseCodec.java:133)
at org.openqa.selenium.remote.codec.w3c.W3CHttpResponseCodec.decode(W3CHttpResponseCodec.java:52)
at org.openqa.selenium.remote.HttpCommandExecutor.execute(HttpCommandExecutor.java:191)
at org.openqa.selenium.remote.service.DriverCommandExecutor.invokeExecute(DriverCommandExecutor.java:200)
at org.openqa.selenium.remote.service.DriverCommandExecutor.execute(DriverCommandExecutor.java:175)
at org.openqa.selenium.remote.RemoteWebDriver.execute(RemoteWebDriver.java:607)
at org.openqa.selenium.remote.ElementLocation$ElementFinder$2.findElement(ElementLocation.java:165)
at org.openqa.selenium.remote.ElementLocation.findElement(ElementLocation.java:59)
at org.openqa.selenium.remote.RemoteWebDriver.findElement(RemoteWebDriver.java:364)
at org.openqa.selenium.remote.RemoteWebDriver.findElement(RemoteWebDriver.java:358)
at Pages.LoginPage.RegisterUser(LoginPage.java:53)
at TestScenerio.TestCases.Product_TC24(TestCases.java:284)
at java.base/java.util.ArrayList.forEach(ArrayList.java:1511)
... Removed 32 stack frames]]>
    </failure>
  </testcase> <!-- Product_TC24 -->
  <testcase classname="TestScenerio.TestCases" name="Product_TC20" time="0.0">
    <ignored/>
  </testcase> <!-- Product_TC20 -->
  <testcase classname="TestScenerio.TestCases" name="Product_TC12" time="0.0">
    <ignored/>
  </testcase> <!-- Product_TC12 -->
  <testcase classname="TestScenerio.TestCases" name="Home_TC10" time="0.0">
    <ignored/>
  </testcase> <!-- Home_TC10 -->
  <testcase classname="TestScenerio.TestCases" name="Product_TC22" time="0.0">
    <ignored/>
  </testcase> <!-- Product_TC22 -->
  <testcase classname="TestScenerio.TestCases" name="Product_TC16" time="0.0">
    <ignored/>
  </testcase> <!-- Product_TC16 -->
  <testcase classname="TestScenerio.TestCases" name="Product_TC14" time="0.0">
    <ignored/>
  </testcase> <!-- Product_TC14 -->
  <testcase classname="TestScenerio.TestCases" name="Product_TC26" time="0.0">
    <ignored/>
  </testcase> <!-- Product_TC26 -->
  <testcase classname="TestScenerio.TestCases" name="Product_TC19" time="0.0">
    <ignored/>
  </testcase> <!-- Product_TC19 -->
  <testcase classname="TestScenerio.TestCases" name="Login_TC5" time="0.0">
    <ignored/>
  </testcase> <!-- Login_TC5 -->
  <testcase classname="TestScenerio.TestCases" name="Login_TC3" time="0.0">
    <ignored/>
  </testcase> <!-- Login_TC3 -->
  <testcase classname="TestScenerio.TestCases" name="Product_TC9" time="0.0">
    <ignored/>
  </testcase> <!-- Product_TC9 -->
  <testcase classname="TestScenerio.TestCases" name="Login_TC1" time="0.0">
    <ignored/>
  </testcase> <!-- Login_TC1 -->
  <testcase classname="TestScenerio.TestCases" name="Cart_TC11" time="0.0">
    <ignored/>
  </testcase> <!-- Cart_TC11 -->
  <testcase classname="TestScenerio.TestCases" name="TestCase_TC7" time="0.0">
    <ignored/>
  </testcase> <!-- TestCase_TC7 -->
  <testcase classname="TestScenerio.TestCases" name="Product_TC23" time="0.0">
    <ignored/>
  </testcase> <!-- Product_TC23 -->
  <testcase classname="TestScenerio.TestCases" name="Product_TC13" time="0.0">
    <ignored/>
  </testcase> <!-- Product_TC13 -->
  <testcase classname="TestScenerio.TestCases" name="Product_TC21" time="0.0">
    <ignored/>
  </testcase> <!-- Product_TC21 -->
  <testcase classname="TestScenerio.TestCases" name="Product_TC17" time="0.0">
    <ignored/>
  </testcase> <!-- Product_TC17 -->
  <testcase classname="TestScenerio.TestCases" name="Product_TC25" time="0.0">
    <ignored/>
  </testcase> <!-- Product_TC25 -->
  <testcase classname="TestScenerio.TestCases" name="Product_TC15" time="0.0">
    <ignored/>
  </testcase> <!-- Product_TC15 -->
  <testcase classname="TestScenerio.TestCases" name="Product_TC18" time="0.0">
    <ignored/>
  </testcase> <!-- Product_TC18 -->
  <testcase classname="TestScenerio.TestCases" name="Login_TC4" time="0.0">
    <ignored/>
  </testcase> <!-- Login_TC4 -->
  <testcase classname="TestScenerio.TestCases" name="Login_TC2" time="0.0">
    <ignored/>
  </testcase> <!-- Login_TC2 -->
  <testcase classname="TestScenerio.TestCases" name="ContactUs_TC6" time="0.0">
    <ignored/>
  </testcase> <!-- ContactUs_TC6 -->
  <testcase classname="TestScenerio.TestCases" name="Product_TC8" time="0.0">
    <ignored/>
  </testcase> <!-- Product_TC8 -->
</testsuite> <!-- Test -->
